LOAD 'auto_explain';
SET auto_explain.log_min_duration = 0;
SET auto_explain.log_duration = off;
SET auto_explain.log_level = NOTICE;
SET auto_explain.log_timing = off;
SET auto_explain.log_costs = off;
-- Should log
SELECT NULL FROM pg_catalog.pg_class WHERE relname = 'pg_class';
NOTICE:  plan:
Query Text: SELECT NULL FROM pg_catalog.pg_class WHERE relname = 'pg_class';
Index Only Scan using pg_class_relname_nsp_index on pg_class
  Index Cond: (relname = 'pg_class'::name)
 ?column? 
----------
 
(1 row)

SET auto_explain.log_verbose = on;
SELECT NULL FROM pg_catalog.pg_class WHERE relname = 'pg_class';
NOTICE:  plan:
Query Text: SELECT NULL FROM pg_catalog.pg_class WHERE relname = 'pg_class';
Index Only Scan using pg_class_relname_nsp_index on pg_catalog.pg_class
  Output: NULL::text
  Index Cond: (pg_class.relname = 'pg_class'::name)
 ?column? 
----------
 
(1 row)

SET auto_explain.log_format = json;
SELECT NULL FROM pg_catalog.pg_class WHERE relname = 'pg_class';
NOTICE:  plan:
{
  "Query Text": "SELECT NULL FROM pg_catalog.pg_class WHERE relname = 'pg_class';",
  "Plan": {
    "Node Type": "Index Only Scan",
    "Parallel Aware": false,
    "Scan Direction": "Forward",
    "Index Name": "pg_class_relname_nsp_index",
    "Relation Name": "pg_class",
    "Schema": "pg_catalog",
    "Alias": "pg_class",
    "Output": ["NULL::text"],
    "Index Cond": "(pg_class.relname = 'pg_class'::name)"
  }
}
 ?column? 
----------
 
(1 row)

-- Shouldn't log due to too high loglevel
SET auto_explain.log_level = DEBUG5;
SELECT NULL FROM pg_catalog.pg_class WHERE relname = 'pg_class';
 ?column? 
----------
 
(1 row)

-- Shouldn't log due to query being too fast
SET auto_explain.log_level = NOTICE;
SET auto_explain.log_min_duration = 1000;
SELECT NULL FROM pg_catalog.pg_class WHERE relname = 'pg_class';
 ?column? 
----------
 
(1 row)

