-- Bug reported by Japin Li that caused a vci_beginscan PANIC
-- See https://www.postgresql.org/message-id/ME0P300MB04457E24CA8965F008FB2CDBB648A%40ME0P300MB0445.AUSP300.PROD.OUTLOOK.COM
CREATE TABLE t1 (id int, info text);
CREATE INDEX t1_id_idx ON t1 USING vci (id);
INSERT INTO t1 SELECT id, md5(id::text) FROM generate_series(1, 1000) id;
SET enable_seqscan TO off;
SELECT * FROM t1 WHERE id = 100;
 id  |               info               
-----+----------------------------------
 100 | f899139df5e1059396431415e770c6dd
(1 row)

DROP TABLE t1;
-- Bug reported by Japin Li that VACUUM caused a TRAP
-- See https://www.postgresql.org/message-id/SY8P300MB0442BEC3F5CF432F0121ACC4B642A%40SY8P300MB0442.AUSP300.PROD.OUTLOOK.COM
CREATE TABLE t2 (id int, info text) WITH (autovacuum_enabled = off);
CREATE INDEX t2_id_idx ON t2 USING vci (id);
INSERT INTO t2 SELECT id, 'test' || id FROM generate_series(1, 1000) id;
DELETE FROM t2 WHERE id % 10 = 0;
VACUUM t2;
DROP TABLE t2;
-- Bug reported by Japin Li that caused a Segmentation Violation attempting to REFRESH a VCI internal relation
-- See https://www.postgresql.org/message-id/ME0P300MB0445EBA04D6947DD717074DFB65CA%40ME0P300MB0445.AUSP300.PROD.OUTLOOK.COM
CREATE TABLE t3 (id int, info text);
CREATE INDEX ON t3 USING vci (id);
SELECT relname FROM pg_class WHERE relname ~ '^pg_vci_*' LIMIT 1 \gset
SELECT * FROM :relname;
 bindata 
---------
 
(1 row)

\d+ :relname
                  Materialized view "public.pg_vci_0000016582_00000_d"
 Column  | Type  | Collation | Nullable | Default | Storage | Stats target | Description 
---------+-------+-----------+----------+---------+---------+--------------+-------------
 bindata | bytea |           |          |         | plain   |              | 
View definition:


REFRESH MATERIALIZED VIEW :relname;
ERROR:  extension "vci" prohibits this operation on view "pg_vci_0000016582_00000_d"
DROP TABLE t3;
-- Bug missing logic. Ensure VCI internal relations get removed when the TABLE is dropped.
CREATE TABLE t4 (id int, info text);
CREATE INDEX t4_idx ON t4 USING vci (id);
SELECT relname FROM pg_class WHERE relname ~ '^pg_vci_*' ORDER BY relname;
          relname          
---------------------------
 pg_vci_0000016602_00000_d
 pg_vci_0000016602_00000_m
 pg_vci_0000016602_65526_d
 pg_vci_0000016602_65527_d
 pg_vci_0000016602_65530_0
 pg_vci_0000016602_65530_1
 pg_vci_0000016602_65531_d
 pg_vci_0000016602_65531_m
 pg_vci_0000016602_65533_d
 pg_vci_0000016602_65533_m
 pg_vci_0000016602_65534_d
 pg_vci_0000016602_65534_m
 pg_vci_0000016602_65535_d
 pg_vci_0000016602_65535_m
(14 rows)

DROP TABLE t4;
SELECT relname FROM pg_class WHERE relname ~ '^pg_vci_*';
 relname 
---------
(0 rows)

-- Bug reported by Japin Li that REINDEX forgot to restore security context
-- See https://www.postgresql.org/message-id/ME0P300MB0445827B6E9CC04E0FAEE446B624A%40ME0P300MB0445.AUSP300.PROD.OUTLOOK.COM
CREATE TABLE t5 (id int, info text);
CREATE INDEX t5_idx ON t5 USING vci (id);
REINDEX TABLE t5;
REINDEX TABLE t5;
DROP TABLE t5;
-- InstrStartNode bug:
-- Unexpected error "InstrStartNode called twice in a row"
-- NOTE -Change the EXPLAIN below to use TIMING TRUE reproduce the bug,
-- otherwise leave it FALSE so timings don't cause 'make check' to fail.
CREATE TABLE t6(id int, info text);
CREATE INDEX t6_id_idx ON t6 USING vci (id);
INSERT INTO t6 SELECT id, 'info' || id FROM generate_series(1, 500) id;
ANALYZE t6;
EXPLAIN (ANALYZE, COSTS FALSE, BUFFERS FALSE, TIMING FALSE, SUMMARY FALSE) SELECT max(id) FROM t6;
                                    QUERY PLAN                                    
----------------------------------------------------------------------------------
 Custom Scan (VCI Aggregate) (actual rows=1.00 loops=1)
   Disabled: true
   ->  Custom Scan (VCI Scan) using t6_id_idx on t6 (actual rows=1000.00 loops=1)
         Disabled: true
(4 rows)

DROP TABLE t6;
-- Bug reported by Timur: VCI Sort does not work on top of a non-VCI join
-- See https://www.postgresql.org/message-id/a27f68845af78d404459fcab940bfae2ec7755e5.camel%40postgrespro.ru
CREATE TABLE main (id BIGSERIAL PRIMARY KEY);
CREATE TABLE secondary (id BIGSERIAL PRIMARY KEY, main_id BIGINT REFERENCES main (id), val INTEGER);
CREATE INDEX main_vci ON main USING vci (id);
CREATE INDEX sec_vci ON secondary USING vci (id, main_id, val);
-- Check VCI Sort is not put on top of non-VCI join
EXPLAIN (ANALYZE, COSTS FALSE, BUFFERS FALSE, TIMING FALSE, SUMMARY FALSE)
SELECT *
  FROM main m
  JOIN secondary s
    ON m.id = s.main_id
  WHERE s.val in (
    SELECT MAX(val)
      FROM secondary s2
      WHERE s2.main_id = m.id)
  ORDER BY s.val;
                                            QUERY PLAN                                            
--------------------------------------------------------------------------------------------------
 Sort (actual rows=0.00 loops=1)
   Sort Key: s.val
   Sort Method: quicksort  Memory: 25kB
   ->  Nested Loop (actual rows=0.00 loops=1)
         Join Filter: (s.val = (max(s2.val)))
         ->  Hash Join (actual rows=0.00 loops=1)
               Hash Cond: (s.main_id = m.id)
               ->  Custom Scan (VCI Scan) using sec_vci on secondary s (actual rows=0.00 loops=1)
                     Disabled: true
               ->  Hash (never executed)
                     ->  Index Only Scan using main_pkey on main m (never executed)
                           Heap Fetches: 0
                           Index Searches: 0
         ->  Custom Scan (VCI Aggregate) (never executed)
               Disabled: true
               ->  Custom Scan (VCI Scan) using sec_vci on secondary s2 (never executed)
                     Disabled: true
                     Filter: (main_id = m.id)
(18 rows)

-- Check VCI Sort is used if suitable
EXPLAIN (ANALYZE, COSTS FALSE, BUFFERS FALSE, TIMING FALSE, SUMMARY FALSE)
SELECT * FROM secondary s ORDER BY s.val;
                                      QUERY PLAN                                      
--------------------------------------------------------------------------------------
 Custom Scan (VCI Sort) (actual rows=0.00 loops=1)
   Sort Key: val
   Sort Method: quicksort  Memory: 25kB
   ->  Custom Scan (VCI Scan) using sec_vci on secondary s (actual rows=0.00 loops=1)
         Disabled: true
(5 rows)

DROP TABLE secondary;
DROP TABLE main;
