LOAD 'pg_plan_advice';
SET max_parallel_workers_per_gather = 0;
SET seq_page_cost = 0.1;
SET random_page_cost = 0.1;
SET cpu_tuple_cost = 0;
SET cpu_index_tuple_cost = 0;
CREATE TABLE no_scan_table (a int primary key, b text)
	WITH (autovacuum_enabled = false);
INSERT INTO no_scan_table
	SELECT g, 'some text ' || g FROM generate_series(1, 100000) g;
VACUUM ANALYZE no_scan_table;
-- Baselines without advice: seq scan for a full read, index scan for a lookup.
EXPLAIN (COSTS OFF, PLAN_ADVICE)
	SELECT * FROM no_scan_table;
         QUERY PLAN         
----------------------------
 Seq Scan on no_scan_table
 Generated Plan Advice:
   SEQ_SCAN(no_scan_table)
   NO_GATHER(no_scan_table)
(4 rows)

EXPLAIN (COSTS OFF, PLAN_ADVICE)
	SELECT * FROM no_scan_table WHERE a = 1;
                      QUERY PLAN                       
-------------------------------------------------------
 Index Scan using no_scan_table_pkey on no_scan_table
   Index Cond: (a = 1)
 Generated Plan Advice:
   INDEX_SCAN(no_scan_table public.no_scan_table_pkey)
   NO_GATHER(no_scan_table)
(5 rows)

-- NO_SEQ_SCAN with no indexable qual: no alternative, so the advice fails.
BEGIN;
SET LOCAL pg_plan_advice.advice = 'NO_SEQ_SCAN(no_scan_table)';
EXPLAIN (COSTS OFF, PLAN_ADVICE)
	SELECT * FROM no_scan_table;
                     QUERY PLAN                     
----------------------------------------------------
 Seq Scan on no_scan_table
   Disabled: true
 Supplied Plan Advice:
   NO_SEQ_SCAN(no_scan_table) /* matched, failed */
 Generated Plan Advice:
   SEQ_SCAN(no_scan_table)
   NO_GATHER(no_scan_table)
(7 rows)

COMMIT;
-- NO_SEQ_SCAN with an indexable qual: falls back to index scan.
BEGIN;
SET LOCAL pg_plan_advice.advice = 'NO_SEQ_SCAN(no_scan_table)';
EXPLAIN (COSTS OFF, PLAN_ADVICE)
	SELECT * FROM no_scan_table WHERE a = 1;
                      QUERY PLAN                       
-------------------------------------------------------
 Index Scan using no_scan_table_pkey on no_scan_table
   Index Cond: (a = 1)
 Supplied Plan Advice:
   NO_SEQ_SCAN(no_scan_table) /* matched */
 Generated Plan Advice:
   INDEX_SCAN(no_scan_table public.no_scan_table_pkey)
   NO_GATHER(no_scan_table)
(7 rows)

COMMIT;
-- NO_INDEX_SCAN: falls back to bitmap heap scan.
BEGIN;
SET LOCAL pg_plan_advice.advice = 'NO_INDEX_SCAN(no_scan_table)';
EXPLAIN (COSTS OFF, PLAN_ADVICE)
	SELECT * FROM no_scan_table WHERE a = 1;
                  QUERY PLAN                   
-----------------------------------------------
 Bitmap Heap Scan on no_scan_table
   Recheck Cond: (a = 1)
   ->  Bitmap Index Scan on no_scan_table_pkey
         Index Cond: (a = 1)
 Supplied Plan Advice:
   NO_INDEX_SCAN(no_scan_table) /* matched */
 Generated Plan Advice:
   BITMAP_HEAP_SCAN(no_scan_table)
   NO_GATHER(no_scan_table)
(9 rows)

COMMIT;
-- NO_INDEX_ONLY_SCAN: falls back to a plain index scan.
BEGIN;
SET LOCAL pg_plan_advice.advice = 'NO_INDEX_ONLY_SCAN(no_scan_table)';
EXPLAIN (COSTS OFF, PLAN_ADVICE)
	SELECT a FROM no_scan_table WHERE a = 1;
                      QUERY PLAN                       
-------------------------------------------------------
 Index Scan using no_scan_table_pkey on no_scan_table
   Index Cond: (a = 1)
 Supplied Plan Advice:
   NO_INDEX_ONLY_SCAN(no_scan_table) /* matched */
 Generated Plan Advice:
   INDEX_SCAN(no_scan_table public.no_scan_table_pkey)
   NO_GATHER(no_scan_table)
(7 rows)

COMMIT;
-- NO_BITMAP_HEAP_SCAN: with only a BRIN index available, falls back to seq scan.
CREATE INDEX no_scan_table_b ON no_scan_table USING brin (b);
VACUUM ANALYZE no_scan_table;
BEGIN;
SET LOCAL pg_plan_advice.advice = 'NO_BITMAP_HEAP_SCAN(no_scan_table)';
EXPLAIN (COSTS OFF, PLAN_ADVICE)
	SELECT * FROM no_scan_table WHERE b > 'some text 8';
                     QUERY PLAN                     
----------------------------------------------------
 Seq Scan on no_scan_table
   Filter: (b > 'some text 8'::text)
 Supplied Plan Advice:
   NO_BITMAP_HEAP_SCAN(no_scan_table) /* matched */
 Generated Plan Advice:
   SEQ_SCAN(no_scan_table)
   NO_GATHER(no_scan_table)
(7 rows)

COMMIT;
-- NO_TID_SCAN: falls back to seq scan.
BEGIN;
SET LOCAL pg_plan_advice.advice = 'NO_TID_SCAN(no_scan_table)';
EXPLAIN (COSTS OFF, PLAN_ADVICE)
	SELECT * FROM no_scan_table WHERE ctid = '(0,1)';
                 QUERY PLAN                 
--------------------------------------------
 Seq Scan on no_scan_table
   Filter: (ctid = '(0,1)'::tid)
 Supplied Plan Advice:
   NO_TID_SCAN(no_scan_table) /* matched */
 Generated Plan Advice:
   SEQ_SCAN(no_scan_table)
   NO_GATHER(no_scan_table)
(7 rows)

COMMIT;
-- Multiple NO_ scan tags stack without conflict.
BEGIN;
SET LOCAL pg_plan_advice.advice = 'NO_SEQ_SCAN(no_scan_table) NO_BITMAP_HEAP_SCAN(no_scan_table)';
EXPLAIN (COSTS OFF, PLAN_ADVICE)
	SELECT * FROM no_scan_table WHERE a = 1;
                      QUERY PLAN                       
-------------------------------------------------------
 Index Scan using no_scan_table_pkey on no_scan_table
   Index Cond: (a = 1)
 Supplied Plan Advice:
   NO_SEQ_SCAN(no_scan_table) /* matched */
   NO_BITMAP_HEAP_SCAN(no_scan_table) /* matched */
 Generated Plan Advice:
   INDEX_SCAN(no_scan_table public.no_scan_table_pkey)
   NO_GATHER(no_scan_table)
(8 rows)

COMMIT;
-- Conflict: same method required and forbidden; both conflicting, neither applied.
BEGIN;
SET LOCAL pg_plan_advice.advice = 'SEQ_SCAN(no_scan_table) NO_SEQ_SCAN(no_scan_table)';
EXPLAIN (COSTS OFF, PLAN_ADVICE)
	SELECT * FROM no_scan_table;
                           QUERY PLAN                            
-----------------------------------------------------------------
 Seq Scan on no_scan_table
 Supplied Plan Advice:
   SEQ_SCAN(no_scan_table) /* matched, conflicting */
   NO_SEQ_SCAN(no_scan_table) /* matched, conflicting, failed */
 Generated Plan Advice:
   SEQ_SCAN(no_scan_table)
   NO_GATHER(no_scan_table)
(7 rows)

COMMIT;
-- No conflict: NO_SEQ_SCAN and a positive INDEX_SCAN are compatible.
BEGIN;
SET LOCAL pg_plan_advice.advice = 'NO_SEQ_SCAN(no_scan_table) INDEX_SCAN(no_scan_table no_scan_table_pkey)';
EXPLAIN (COSTS OFF, PLAN_ADVICE)
	SELECT * FROM no_scan_table WHERE a = 1;
                          QUERY PLAN                          
--------------------------------------------------------------
 Index Scan using no_scan_table_pkey on no_scan_table
   Index Cond: (a = 1)
 Supplied Plan Advice:
   NO_SEQ_SCAN(no_scan_table) /* matched */
   INDEX_SCAN(no_scan_table no_scan_table_pkey) /* matched */
 Generated Plan Advice:
   INDEX_SCAN(no_scan_table public.no_scan_table_pkey)
   NO_GATHER(no_scan_table)
(8 rows)

COMMIT;
-- Scan tags forbid sublists (simple_target_list): this is a syntax error.
SET pg_plan_advice.advice = 'NO_SEQ_SCAN((no_scan_table no_scan_table))';
ERROR:  invalid value for parameter "pg_plan_advice.advice": "NO_SEQ_SCAN((no_scan_table no_scan_table))"
DETAIL:  Could not parse advice: syntax error at or near "("
DROP TABLE no_scan_table;
